<?xml version="1.0" encoding="UTF-8"?>
<testsuite name="tests.ContactCreationTests" tests="1" skipped="0" failures="0" errors="0" timestamp="2022-07-23T12:58:23" hostname="LOFT" time="3.916">
  <properties/>
  <testcase name="testContactCreation" classname="tests.ContactCreationTests" time="3.916"/>
  <system-out><![CDATA[]]></system-out>
  <system-err><![CDATA[Starting Microsoft Edge WebDriver 103.0.1264.62 (e5d152f334ae94abb94393154b2e6dbc8961160f) on port 64554
To submit feedback, report a bug, or suggest new features, please visit https://github.com/MicrosoftEdge/EdgeWebDriver

Only local connections are allowed.
Please see https://aka.ms/WebDriverSecurity for suggestions on keeping Microsoft Edge WebDriver safe.

Microsoft Edge WebDriver was started successfully.
Jul 23, 2022 3:58:22 PM org.openqa.selenium.remote.ProtocolHandshake createSession
INFO: Detected upstream dialect: W3C
Jul 23, 2022 3:58:22 PM org.openqa.selenium.devtools.CdpVersionFinder findNearestMatch
INFO: Found exact CDP implementation for version 103
]]></system-err>
</testsuite>
