<?xml version="1.0" encoding="UTF-8"?>
<testsuite name="tests.GroupDeletionTest" tests="1" skipped="0" failures="0" errors="0" timestamp="2022-07-07T20:16:54" hostname="LOFT" time="2.282">
  <properties/>
  <testcase name="testGroupDeletion" classname="tests.GroupDeletionTest" time="2.282"/>
  <system-out><![CDATA[]]></system-out>
  <system-err><![CDATA[]]></system-err>
</testsuite>
