<?xml version="1.0" encoding="UTF-8"?>
<testsuite name="tests.GroupDeletionTest" tests="1" skipped="0" failures="0" errors="0" timestamp="2022-07-14T18:36:29" hostname="LOFT" time="2.271">
  <properties/>
  <testcase name="testGroupDeletion" classname="tests.GroupDeletionTest" time="2.271"/>
  <system-out><![CDATA[]]></system-out>
  <system-err><![CDATA[]]></system-err>
</testsuite>
