<?xml version="1.0" encoding="UTF-8"?>
<testsuite name="tests.GroupDeletionTest" tests="1" skipped="0" failures="0" errors="0" timestamp="2022-07-06T17:03:34" hostname="LOFT" time="2.274">
  <properties/>
  <testcase name="testGroupDeletion" classname="tests.GroupDeletionTest" time="2.274"/>
  <system-out><![CDATA[]]></system-out>
  <system-err><![CDATA[]]></system-err>
</testsuite>
