<?xml version="1.0" encoding="UTF-8"?>
<testsuite name="tests.forGroups.GroupModificationTests" tests="1" skipped="0" failures="0" errors="0" timestamp="2022-07-15T15:03:44" hostname="LOFT" time="2.582">
  <properties/>
  <testcase name="testGroupModification" classname="tests.forGroups.GroupModificationTests" time="2.582"/>
  <system-out><![CDATA[]]></system-out>
  <system-err><![CDATA[]]></system-err>
</testsuite>
