<?xml version="1.0" encoding="UTF-8"?>
<testsuite name="tests.GroupModificationTests" tests="1" skipped="0" failures="0" errors="0" timestamp="2022-07-30T14:45:24" hostname="LOFT" time="2.645">
  <properties/>
  <testcase name="testGroupModification" classname="tests.GroupModificationTests" time="2.645"/>
  <system-out><![CDATA[]]></system-out>
  <system-err><![CDATA[Starting ChromeDriver 102.0.5005.61 (0e59bcc00cc4985ce39ad31c150065f159d95ad3-refs/branch-heads/5005@{#819}) on port 54580
Only local connections are allowed.
Please see https://chromedriver.chromium.org/security-considerations for suggestions on keeping ChromeDriver safe.
ChromeDriver was started successfully.
[1659192323.788][WARNING]: This version of ChromeDriver has not been tested with Chrome version 103.
Jul 30, 2022 5:45:23 PM org.openqa.selenium.remote.ProtocolHandshake createSession
INFO: Detected upstream dialect: W3C
Jul 30, 2022 5:45:23 PM org.openqa.selenium.devtools.CdpVersionFinder findNearestMatch
INFO: Found exact CDP implementation for version 103
]]></system-err>
</testsuite>
