<?xml version="1.0" encoding="UTF-8"?>
<testsuite name="tests.GroupCreationTest" tests="1" skipped="0" failures="0" errors="0" timestamp="2022-06-28T21:27:43" hostname="LOFT" time="3.402">
  <properties/>
  <testcase name="testGroupCreation" classname="tests.GroupCreationTest" time="3.402"/>
  <system-out><![CDATA[]]></system-out>
  <system-err><![CDATA[]]></system-err>
</testsuite>
