<?xml version="1.0" encoding="UTF-8"?>
<testsuite name="tests.ContactDeletionTests" tests="1" skipped="0" failures="0" errors="0" timestamp="2022-07-27T17:44:06" hostname="LOFT" time="3.805">
  <properties/>
  <testcase name="testDeletionContact" classname="tests.ContactDeletionTests" time="3.805"/>
  <system-out><![CDATA[]]></system-out>
  <system-err><![CDATA[Starting ChromeDriver 102.0.5005.61 (0e59bcc00cc4985ce39ad31c150065f159d95ad3-refs/branch-heads/5005@{#819}) on port 59016
Only local connections are allowed.
Please see https://chromedriver.chromium.org/security-considerations for suggestions on keeping ChromeDriver safe.
ChromeDriver was started successfully.
[1658943845.727][WARNING]: This version of ChromeDriver has not been tested with Chrome version 103.
Jul 27, 2022 8:44:05 PM org.openqa.selenium.remote.ProtocolHandshake createSession
INFO: Detected upstream dialect: W3C
Jul 27, 2022 8:44:05 PM org.openqa.selenium.devtools.CdpVersionFinder findNearestMatch
INFO: Found exact CDP implementation for version 103
]]></system-err>
</testsuite>
