<?xml version="1.0" encoding="UTF-8"?>
<testsuite name="tests.SetIndividualDataTest" tests="2" skipped="0" failures="0" errors="0" timestamp="2022-06-23T23:22:30" hostname="LOFT" time="11.323">
  <properties/>
  <testcase name="setPaymentInfoForIndividualUser" classname="tests.SetIndividualDataTest" time="5.726"/>
  <testcase name="setPaymentInfoForLegalUser" classname="tests.SetIndividualDataTest" time="5.591"/>
  <system-out><![CDATA[]]></system-out>
  <system-err><![CDATA[]]></system-err>
</testsuite>
