<?xml version="1.0" encoding="UTF-8"?>
<testsuite name="tests.ContactCreationTests" tests="1" skipped="0" failures="0" errors="0" timestamp="2022-07-15T14:39:57" hostname="LOFT" time="0.575">
  <properties/>
  <testcase name="testContactCreation" classname="tests.ContactCreationTests" time="0.575"/>
  <system-out><![CDATA[]]></system-out>
  <system-err><![CDATA[]]></system-err>
</testsuite>
