<?xml version="1.0" encoding="UTF-8"?>
<testsuite name="tests.GroupModificationTests" tests="1" skipped="0" failures="0" errors="0" timestamp="2022-07-15T15:09:16" hostname="LOFT" time="2.57">
  <properties/>
  <testcase name="testGroupModification" classname="tests.GroupModificationTests" time="2.57"/>
  <system-out><![CDATA[]]></system-out>
  <system-err><![CDATA[]]></system-err>
</testsuite>
